2018-08-10T04:24:56+00:00 CRITICAL Uncaught Error: Using $this when not in object context in D:\xampp\htdocs\inTech-test\wp-content\themes\inTech\template-parts\home-page.php:75
Stack trace:
#0 D:\xampp\htdocs\inTech-test\wp-includes\template-loader.php(74): include()
#1 D:\xampp\htdocs\inTech-test\wp-blog-header.php(19): require_once('D:\\xampp\\htdocs...')
#2 D:\xampp\htdocs\inTech-test\index.php(17): require('D:\\xampp\\htdocs...')
#3 {main}
  thrown

2018-08-10T04:26:58+00:00 CRITICAL Uncaught Error: Using $this when not in object context in D:\xampp\htdocs\inTech-test\wp-content\themes\inTech\template-parts\home-page.php:75
Stack trace:
#0 D:\xampp\htdocs\inTech-test\wp-includes\template-loader.php(74): include()
#1 D:\xampp\htdocs\inTech-test\wp-blog-header.php(19): require_once('D:\\xampp\\htdocs...')
#2 D:\xampp\htdocs\inTech-test\index.php(17): require('D:\\xampp\\htdocs...')
#3 {main}
  thrown

2018-08-10T04:34:36+00:00 CRITICAL Uncaught Error: Call to a member function get_id() on null in D:\xampp\htdocs\inTech-test\wp-content\themes\inTech\template-parts\home-page.php:74
Stack trace:
#0 D:\xampp\htdocs\inTech-test\wp-includes\template-loader.php(74): include()
#1 D:\xampp\htdocs\inTech-test\wp-blog-header.php(19): require_once('D:\\xampp\\htdocs...')
#2 D:\xampp\htdocs\inTech-test\index.php(17): require('D:\\xampp\\htdocs...')
#3 {main}
  thrown

2018-08-10T04:35:13+00:00 CRITICAL Uncaught Error: Call to a member function get_id() on integer in D:\xampp\htdocs\inTech-test\wp-content\themes\inTech\template-parts\home-page.php:74
Stack trace:
#0 D:\xampp\htdocs\inTech-test\wp-includes\template-loader.php(74): include()
#1 D:\xampp\htdocs\inTech-test\wp-blog-header.php(19): require_once('D:\\xampp\\htdocs...')
#2 D:\xampp\htdocs\inTech-test\index.php(17): require('D:\\xampp\\htdocs...')
#3 {main}
  thrown

